c:\users\fb_fu\belgeler\visual studio 2022\projects\courseschedule\x64\debug\vc143.pdb
c:\users\fb_fu\belgeler\visual studio 2022\projects\courseschedule\x64\debug\vc143.idb
c:\users\fb_fu\belgeler\visual studio 2022\projects\courseschedule\x64\debug\sqlite3.obj
c:\users\fb_fu\belgeler\visual studio 2022\projects\courseschedule\x64\debug\courseschedule.obj
c:\users\fb_fu\belgeler\visual studio 2022\projects\courseschedule\x64\debug\course.obj
c:\users\fb_fu\belgeler\visual studio 2022\projects\courseschedule\x64\debug\handlers.obj
c:\users\fb_fu\belgeler\visual studio 2022\projects\courseschedule\x64\debug\courseschedule.exe
c:\users\fb_fu\belgeler\visual studio 2022\projects\courseschedule\x64\debug\courseschedule.ilk
c:\users\fb_fu\belgeler\visual studio 2022\projects\courseschedule\x64\debug\courseschedule.pdb
c:\users\fb_fu\belgeler\visual studio 2022\projects\courseschedule\x64\debug\courseschedule.res
c:\users\fb_fu\belgeler\visual studio 2022\projects\courseschedule\x64\debug\courseschedule.tlog\cl.command.1.tlog
c:\users\fb_fu\belgeler\visual studio 2022\projects\courseschedule\x64\debug\courseschedule.tlog\cl.items.tlog
c:\users\fb_fu\belgeler\visual studio 2022\projects\courseschedule\x64\debug\courseschedule.tlog\cl.read.1.tlog
c:\users\fb_fu\belgeler\visual studio 2022\projects\courseschedule\x64\debug\courseschedule.tlog\cl.write.1.tlog
c:\users\fb_fu\belgeler\visual studio 2022\projects\courseschedule\x64\debug\courseschedule.tlog\link.command.1.tlog
c:\users\fb_fu\belgeler\visual studio 2022\projects\courseschedule\x64\debug\courseschedule.tlog\link.read.1.tlog
c:\users\fb_fu\belgeler\visual studio 2022\projects\courseschedule\x64\debug\courseschedule.tlog\link.write.1.tlog
c:\users\fb_fu\belgeler\visual studio 2022\projects\courseschedule\x64\debug\courseschedule.tlog\rc.command.1.tlog
c:\users\fb_fu\belgeler\visual studio 2022\projects\courseschedule\x64\debug\courseschedule.tlog\rc.read.1.tlog
c:\users\fb_fu\belgeler\visual studio 2022\projects\courseschedule\x64\debug\courseschedule.tlog\rc.write.1.tlog
